<?xml version="1.0" encoding="UTF-8"?>
<!-- Generated by org.testng.reporters.JUnitXMLReporter -->
<testsuite ignored="0" hostname="SuRaj" failures="1" tests="3" name="high priority" time="19.871" errors="0" timestamp="2022-10-08T16:26:18 IST">
  <testcase classname="com.SauceDemo.TestClass.TestCase__ToValidateADDtoCart" name="SelectAllProduct" time="0.299">
    <failure type="java.lang.AssertionError" message="expected [6] but found [5]">
      <![CDATA[java.lang.AssertionError: expected [6] but found [5]
at com.SauceDemo.TestClass.TestCase__ToValidateADDtoCart.SelectAllProduct(TestCase__ToValidateADDtoCart.java:27)
at java.base/java.util.ArrayList.forEach(ArrayList.java:1511)
... Removed 31 stack frames]]>
    </failure>
  </testcase> <!-- SelectAllProduct -->
  <testcase classname="com.SauceDemo.TestClass.TestCase_FilterTab" name="CheckFilter" time="0.364"/>
  <testcase classname="com.SauceDemo.TestClass.TestCaseCheckout" name="CheckOutPage" time="0.532"/>
</testsuite> <!-- high priority -->
